{
  "stats": {
    "suites": 1,
    "tests": 4,
    "passes": 3,
    "pending": 0,
    "failures": 1,
    "start": "2023-07-16T15:12:51.985Z",
    "end": "2023-07-16T15:13:55.653Z",
    "duration": 63668,
    "testsRegistered": 4,
    "passPercent": 75,
    "pendingPercent": 0,
    "other": 0,
    "hasOther": false,
    "skipped": 0,
    "hasSkipped": false
  },
  "results": [
    {
      "uuid": "8fdb2a19-6855-4c54-a321-2c2071978d53",
      "title": "",
      "fullFile": "cypress\\integration\\examples\\LoginFeature.js",
      "file": "cypress\\integration\\examples\\LoginFeature.js",
      "beforeHooks": [],
      "afterHooks": [],
      "tests": [],
      "suites": [
        {
          "uuid": "bb176191-1b0f-4665-89ff-a06fdac17b3b",
          "title": "LoginFeature",
          "fullFile": "",
          "file": "",
          "beforeHooks": [],
          "afterHooks": [],
          "tests": [
            {
              "title": "Login Test",
              "fullTitle": "LoginFeature Login Test",
              "timedOut": null,
              "duration": 10021,
              "state": "passed",
              "speed": "slow",
              "pass": true,
              "fail": false,
              "pending": false,
              "context": null,
              "code": "cy.login(Cypress.env('userid'), Cypress.env('password'));",
              "err": {},
              "uuid": "d734364e-7e11-48de-b875-d4080e0de6db",
              "parentUUID": "bb176191-1b0f-4665-89ff-a06fdac17b3b",
              "isHook": false,
              "skipped": false
            },
            {
              "title": "ForgetPassword Test",
              "fullTitle": "LoginFeature ForgetPassword Test",
              "timedOut": null,
              "duration": 9002,
              "state": "passed",
              "speed": "medium",
              "pass": true,
              "fail": false,
              "pending": false,
              "context": null,
              "code": "cy.forgotPassword(Cypress.env('userid'));",
              "err": {},
              "uuid": "f9d34f0a-ddd6-4de2-b61c-da5f8c548600",
              "parentUUID": "bb176191-1b0f-4665-89ff-a06fdac17b3b",
              "isHook": false,
              "skipped": false
            },
            {
              "title": "Contact Us Test",
              "fullTitle": "LoginFeature Contact Us Test",
              "timedOut": null,
              "duration": 12492,
              "state": "failed",
              "speed": null,
              "pass": false,
              "fail": true,
              "pending": false,
              "context": null,
              "code": "const filePath = 'C://Cypress//cypress//Testdata//LoginData.xlsx';\ncy.task('excelToJsonCoverter', filePath).then(function (result) {\n  cy.log(result);\n  cy.contactus(result.Sheet1[1].C, result.Sheet1[1].D, result.Sheet1[1].E, result.Sheet1[1].F, result.Sheet1[1].G);\n});",
              "err": {
                "message": "AssertionError: expected true to equal false",
                "estack": "AssertionError: expected true to equal false\n    at Context.eval (webpack:///./cypress/support/commands.js:67:32)",
                "diff": null
              },
              "uuid": "807e8019-46e3-4724-8386-40b3027e8c37",
              "parentUUID": "bb176191-1b0f-4665-89ff-a06fdac17b3b",
              "isHook": false,
              "skipped": false
            },
            {
              "title": "Login Negetive Scenarios",
              "fullTitle": "LoginFeature Login Negetive Scenarios",
              "timedOut": null,
              "duration": 4399,
              "state": "passed",
              "speed": "fast",
              "pass": true,
              "fail": false,
              "pending": false,
              "context": null,
              "code": "cy.LoginnegetiveScenarios();",
              "err": {},
              "uuid": "738f9b6e-2ef8-4327-9e53-d6134f8f38ec",
              "parentUUID": "bb176191-1b0f-4665-89ff-a06fdac17b3b",
              "isHook": false,
              "skipped": false
            }
          ],
          "suites": [],
          "passes": [
            "d734364e-7e11-48de-b875-d4080e0de6db",
            "f9d34f0a-ddd6-4de2-b61c-da5f8c548600",
            "738f9b6e-2ef8-4327-9e53-d6134f8f38ec"
          ],
          "failures": [
            "807e8019-46e3-4724-8386-40b3027e8c37"
          ],
          "pending": [],
          "skipped": [],
          "duration": 35914,
          "root": false,
          "rootEmpty": false,
          "_timeout": 2000
        }
      ],
      "passes": [],
      "failures": [],
      "pending": [],
      "skipped": [],
      "duration": 0,
      "root": true,
      "rootEmpty": true,
      "_timeout": 2000
    }
  ],
  "meta": {
    "mocha": {
      "version": "7.0.1"
    },
    "mochawesome": {
      "options": {
        "quiet": false,
        "reportFilename": "mochawesome",
        "saveHtml": true,
        "saveJson": true,
        "consoleReporter": "spec",
        "useInlineDiffs": false,
        "code": true
      },
      "version": "7.1.3"
    },
    "marge": {
      "options": null,
      "version": "6.2.0"
    }
  }
}